La génération a démarré 08/11/2015 18:50:19.
     1>Projet "C:\Users\Adraax\Desktop\Projet_SI\Projet.vcxproj" sur le nœud 2 (Build cible(s)).
     1>ClCompile:
         D:\Program Files (x86)\Microsoft Visual Studio 14.0\VC\bin\CL.exe /c /ZI /nologo /W3 /WX- /sdl /Od /Oy- /D WIN32 /D _DEBUG /D _CONSOLE /D _UNICODE /D UNICODE /Gm /EHsc /RTC1 /MDd /GS /fp:precise /Zc:wchar_t /Zc:forScope /Zc:inline /Fo"Debug\\" /Fd"Debug\vc140.pdb" /Gd /TP /analyze- /errorReport:prompt cube.cpp
         cube.cpp
     1>c:\users\adraax\desktop\projet_si\cube.cpp(80): warning C4244: 'argument' : conversion de 'int' en 'GLfloat', perte possible de données
     1>c:\users\adraax\desktop\projet_si\cube.cpp(81): warning C4244: 'argument' : conversion de 'int' en 'GLfloat', perte possible de données
     1>c:\users\adraax\desktop\projet_si\cube.cpp(74): warning C4101: 'j' : variable locale non référencée
     1>c:\users\adraax\desktop\projet_si\cube.cpp(74): warning C4101: 'i' : variable locale non référencée
     1>c:\users\adraax\desktop\projet_si\cube.cpp(158): warning C4305: 'argument' : troncation de 'double' à 'GLfloat'
     1>c:\users\adraax\desktop\projet_si\cube.cpp(161): warning C4305: 'argument' : troncation de 'double' à 'GLfloat'
     1>c:\users\adraax\desktop\projet_si\cube.cpp(168): warning C4305: 'argument' : troncation de 'double' à 'GLfloat'
     1>c:\users\adraax\desktop\projet_si\cube.cpp(174): warning C4305: 'argument' : troncation de 'double' à 'GLfloat'
     1>c:\users\adraax\desktop\projet_si\cube.cpp(184): warning C4305: 'argument' : troncation de 'double' à 'GLfloat'
       Link:
         D:\Program Files (x86)\Microsoft Visual Studio 14.0\VC\bin\link.exe /ERRORREPORT:PROMPT /OUT:"C:\Users\Adraax\Desktop\Projet_SI\Debug\Projet.exe" /INCREMENTAL /NOLOGO kernel32.lib user32.lib gdi32.lib winspool.lib comdlg32.lib advapi32.lib shell32.lib ole32.lib oleaut32.lib uuid.lib odbc32.lib odbccp32.lib /MANIFEST /MANIFESTUAC:"level='asInvoker' uiAccess='false'" /manifest:embed /Debug /PDB:"C:\Users\Adraax\Desktop\Projet_SI\Debug\Projet.pdb" /SUBSYSTEM:CONSOLE /TLBID:1 /DYNAMICBASE /NXCOMPAT /IMPLIB:"C:\Users\Adraax\Desktop\Projet_SI\Debug\Projet.lib" /MACHINE:X86 Debug\cube.obj
         LINK : C:\Users\Adraax\Desktop\Projet_SI\Debug\Projet.exe introuvable ou non généré par la dernière édition de liens incrémentielle ; édition de liens complète en cours
         Projet.vcxproj -> C:\Users\Adraax\Desktop\Projet_SI\Debug\Projet.exe
     1>Génération du projet "C:\Users\Adraax\Desktop\Projet_SI\Projet.vcxproj" terminée (Build cible(s)).

La génération a réussi.

Temps écoulé 00:00:01.32
